<?xml version="1.0" encoding="UTF-8"?>
<testsuite name="HandshakeCalculatorTest" tests="1" skipped="0" failures="0" errors="0" timestamp="2023-07-08T14:28:37" hostname="pop-os" time="0.024">
  <properties/>
  <testcase name="testThatInput1YieldsAWink()" classname="HandshakeCalculatorTest" time="0.024"/>
  <system-out><![CDATA[]]></system-out>
  <system-err><![CDATA[]]></system-err>
</testsuite>
